<?xml version="1.0" encoding="UTF-8"?>
<!-- Generated by org.testng.reporters.JUnitXMLReporter -->
<testsuite ignored="0" hostname="DESKTOP-FI8UJG3" failures="0" tests="6" name="Kite Login Test" time="15.111" errors="0" timestamp="2022-06-29T20:41:01 IST">
  <testcase classname="com.zerodha.kite.tests.KiteLoginTest" name="verifyKiteLoginPage1" time="5.846"/>
  <testcase classname="com.zerodha.kite.tests.KiteLoginTest" name="verifyKiteLoginPage2" time="0.534"/>
  <testcase classname="com.zerodha.kite.tests.KiteLoginTest" name="homePageValidation" time="4.194"/>
  <testcase classname="com.zerodha.kite.tests.KiteLoginTest" name="verifyLogoutFunctionality" time="1.091"/>
  <testcase classname="com.zerodha.kite.tests.KiteLoginTest" name="verifyAfterLogoutPage" time="0.264"/>
  <testcase classname="com.zerodha.kite.tests.KiteLoginTest" name="verifyLoginPageAfterLogout" time="0.081"/>
</testsuite> <!-- Kite Login Test -->
