<?xml version="1.0" encoding="UTF-8"?>
<!-- Generated by org.testng.reporters.JUnitXMLReporter -->
<testsuite ignored="0" hostname="DESKTOP-FI8UJG3" failures="0" tests="4" name="Kite Login page validation" time="13.526" errors="0" timestamp="2022-06-28T09:40:14 IST">
  <testcase classname="com.zerodha.kite.tests.KiteLoginPagesValidation" name="verifyKiteLoginPageTitle" time="3.171"/>
  <testcase classname="com.zerodha.kite.tests.KiteLoginPagesValidation" name="verifyElementStatus" time="0.228"/>
  <testcase classname="com.zerodha.kite.tests.KiteLoginPagesValidation" name="verifyFieldValidation" time="0.198"/>
  <testcase classname="com.zerodha.kite.tests.KiteLoginPagesValidation" name="verifyInvalidCredentialError" time="0.831"/>
</testsuite> <!-- Kite Login page validation -->
