<?xml version="1.0" encoding="UTF-8"?>
<!-- Generated by org.testng.reporters.JUnitXMLReporter -->
<testsuite ignored="0" hostname="DESKTOP-FI8UJG3" failures="0" tests="6" name="Kite Login Test" time="8.081" errors="0" timestamp="2022-06-29T08:53:15 IST">
  <testcase classname="com.zerodha.kite.tests.KiteLoginTest" name="verifyKiteLoginPage1" time="2.591"/>
  <testcase classname="com.zerodha.kite.tests.KiteLoginTest" name="verifyKiteLoginPage2" time="0.572"/>
  <testcase classname="com.zerodha.kite.tests.KiteLoginTest" name="homePageValidation" time="2.045"/>
  <testcase classname="com.zerodha.kite.tests.KiteLoginTest" name="verifyLogoutFunctionality" time="0.774"/>
  <testcase classname="com.zerodha.kite.tests.KiteLoginTest" name="verifyAfterLogoutPage" time="0.201"/>
  <testcase classname="com.zerodha.kite.tests.KiteLoginTest" name="verifyLoginPageAfterLogout" time="0.027"/>
</testsuite> <!-- Kite Login Test -->
