<?xml version="1.0" encoding="UTF-8"?>
<!-- Generated by org.testng.reporters.JUnitXMLReporter -->
<testsuite hostname="DESKTOP-FI8UJG3" ignored="0" name="Kite Login Test" tests="6" failures="0" timestamp="2022-06-29T20:18:24 IST" time="12.217" errors="0">
  <testcase name="verifyKiteLoginPage1" time="2.875" classname="com.zerodha.kite.tests.KiteLoginTest"/>
  <testcase name="verifyKiteLoginPage2" time="0.653" classname="com.zerodha.kite.tests.KiteLoginTest"/>
  <testcase name="homePageValidation" time="3.266" classname="com.zerodha.kite.tests.KiteLoginTest"/>
  <testcase name="verifyLogoutFunctionality" time="1.11" classname="com.zerodha.kite.tests.KiteLoginTest"/>
  <testcase name="verifyAfterLogoutPage" time="0.322" classname="com.zerodha.kite.tests.KiteLoginTest"/>
  <testcase name="verifyLoginPageAfterLogout" time="0.08" classname="com.zerodha.kite.tests.KiteLoginTest"/>
</testsuite> <!-- Kite Login Test -->
