<?xml version="1.0" encoding="UTF-8"?>
<!-- Generated by org.testng.reporters.JUnitXMLReporter -->
<testsuite hostname="DESKTOP-FI8UJG3" ignored="0" name="Kite Login page validation" tests="4" failures="0" timestamp="2022-06-29T20:18:12 IST" time="16.437" errors="0">
  <testcase name="verifyKiteLoginPageTitle" time="5.569" classname="com.zerodha.kite.tests.KiteLoginPagesValidationWithDD"/>
  <testcase name="verifyElementStatus" time="0.243" classname="com.zerodha.kite.tests.KiteLoginPagesValidationWithDD"/>
  <testcase name="verifyFieldValidation" time="0.203" classname="com.zerodha.kite.tests.KiteLoginPagesValidationWithDD"/>
  <testcase name="verifyInvalidCredentialError" time="1.362" classname="com.zerodha.kite.tests.KiteLoginPagesValidationWithDD"/>
</testsuite> <!-- Kite Login page validation -->
