<?xml version="1.0" encoding="UTF-8"?>
<!-- Generated by org.testng.reporters.JUnitXMLReporter -->
<testsuite ignored="0" hostname="DESKTOP-FI8UJG3" failures="0" tests="4" name="Kite Login page validation(failed)" time="14.913" errors="0" timestamp="2022-06-29T20:43:11 IST">
  <testcase classname="com.zerodha.kite.tests.KiteLoginPagesValidationWithoutDD" name="verifyKiteLoginPageTitle" time="5.614"/>
  <testcase classname="com.zerodha.kite.tests.KiteLoginPagesValidationWithoutDD" name="verifyElementStatus" time="0.178"/>
  <testcase classname="com.zerodha.kite.tests.KiteLoginPagesValidationWithoutDD" name="verifyFieldValidation" time="0.192"/>
  <testcase classname="com.zerodha.kite.tests.KiteLoginPagesValidationWithoutDD" name="verifyInvalidCredentialError" time="1.051"/>
</testsuite> <!-- Kite Login page validation(failed) -->
