<?xml version="1.0" encoding="UTF-8"?>
<testng-results skipped="0" failed="0" ignored="0" total="10" passed="10">
  <reporter-output>
    <line>
      <![CDATA[=====Application Started=====]]>
    </line>
    <line>
      <![CDATA[=====Application Started=====]]>
    </line>
  </reporter-output>
  <suite name="Suite" duration-ms="28689" started-at="2022-06-29T20:17:55 IST" finished-at="2022-06-29T20:18:24 IST">
    <groups>
    </groups>
    <test name="Kite Login page validation" duration-ms="16437" started-at="2022-06-29T20:17:55 IST" finished-at="2022-06-29T20:18:12 IST">
      <class name="com.zerodha.kite.tests.KiteLoginPagesValidationWithDD">
        <test-method status="PASS" signature="setupApplication(java.lang.String)[pri:0, instance:com.zerodha.kite.tests.KiteLoginPagesValidationWithDD@609cd4d8]" name="setupApplication" is-config="true" duration-ms="7770" started-at="2022-06-29T20:17:55 IST" finished-at="2022-06-29T20:18:03 IST">
          <params>
            <param index="0">
              <value>
                <![CDATA[chrome]]>
              </value>
            </param>
          </params>
          <reporter-output>
          </reporter-output>
        </test-method> <!-- setupApplication -->
        <test-method status="PASS" signature="verifyKiteLoginPageTitle()[pri:1, instance:com.zerodha.kite.tests.KiteLoginPagesValidationWithDD@609cd4d8]" name="verifyKiteLoginPageTitle" duration-ms="5569" started-at="2022-06-29T20:18:03 IST" description="Test Page title and Page Text" finished-at="2022-06-29T20:18:09 IST">
          <reporter-output>
            <line>
              <![CDATA[=====Application Started=====]]>
            </line>
          </reporter-output>
        </test-method> <!-- verifyKiteLoginPageTitle -->
        <test-method status="PASS" signature="takeScreenShotOnFailure(org.testng.ITestResult)[pri:0, instance:com.zerodha.kite.tests.KiteLoginPagesValidationWithDD@609cd4d8]" name="takeScreenShotOnFailure" is-config="true" duration-ms="2" started-at="2022-06-29T20:18:09 IST" finished-at="2022-06-29T20:18:09 IST">
          <params>
            <param index="0">
              <value>
                <![CDATA[[TestResult name=verifyKiteLoginPageTitle status=SUCCESS method=KiteLoginPagesValidationWithDD.verifyKiteLoginPageTitle()[pri:1, instance:com.zerodha.kite.tests.KiteLoginPagesValidationWithDD@609cd4d8] output======Application Started=====]]]>
              </value>
            </param>
          </params>
          <reporter-output>
          </reporter-output>
        </test-method> <!-- takeScreenShotOnFailure -->
        <test-method status="PASS" signature="verifyElementStatus()[pri:2, instance:com.zerodha.kite.tests.KiteLoginPagesValidationWithDD@609cd4d8]" name="verifyElementStatus" duration-ms="243" started-at="2022-06-29T20:18:09 IST" description="Test element status" finished-at="2022-06-29T20:18:09 IST">
          <reporter-output>
          </reporter-output>
        </test-method> <!-- verifyElementStatus -->
        <test-method status="PASS" signature="takeScreenShotOnFailure(org.testng.ITestResult)[pri:0, instance:com.zerodha.kite.tests.KiteLoginPagesValidationWithDD@609cd4d8]" name="takeScreenShotOnFailure" is-config="true" duration-ms="0" started-at="2022-06-29T20:18:09 IST" finished-at="2022-06-29T20:18:09 IST">
          <params>
            <param index="0">
              <value>
                <![CDATA[[TestResult name=verifyElementStatus status=SUCCESS method=KiteLoginPagesValidationWithDD.verifyElementStatus()[pri:2, instance:com.zerodha.kite.tests.KiteLoginPagesValidationWithDD@609cd4d8] output={null}]]]>
              </value>
            </param>
          </params>
          <reporter-output>
          </reporter-output>
        </test-method> <!-- takeScreenShotOnFailure -->
        <test-method status="PASS" signature="verifyFieldValidation()[pri:3, instance:com.zerodha.kite.tests.KiteLoginPagesValidationWithDD@609cd4d8]" name="verifyFieldValidation" duration-ms="203" started-at="2022-06-29T20:18:09 IST" description="Test Field Error Messages" finished-at="2022-06-29T20:18:09 IST">
          <reporter-output>
          </reporter-output>
        </test-method> <!-- verifyFieldValidation -->
        <test-method status="PASS" signature="takeScreenShotOnFailure(org.testng.ITestResult)[pri:0, instance:com.zerodha.kite.tests.KiteLoginPagesValidationWithDD@609cd4d8]" name="takeScreenShotOnFailure" is-config="true" duration-ms="0" started-at="2022-06-29T20:18:09 IST" finished-at="2022-06-29T20:18:09 IST">
          <params>
            <param index="0">
              <value>
                <![CDATA[[TestResult name=verifyFieldValidation status=SUCCESS method=KiteLoginPagesValidationWithDD.verifyFieldValidation()[pri:3, instance:com.zerodha.kite.tests.KiteLoginPagesValidationWithDD@609cd4d8] output={null}]]]>
              </value>
            </param>
          </params>
          <reporter-output>
          </reporter-output>
        </test-method> <!-- takeScreenShotOnFailure -->
        <test-method status="PASS" signature="verifyInvalidCredentialError()[pri:4, instance:com.zerodha.kite.tests.KiteLoginPagesValidationWithDD@609cd4d8]" name="verifyInvalidCredentialError" duration-ms="1362" started-at="2022-06-29T20:18:09 IST" description="Invalid Credential Error Message" finished-at="2022-06-29T20:18:11 IST">
          <reporter-output>
          </reporter-output>
        </test-method> <!-- verifyInvalidCredentialError -->
        <test-method status="PASS" signature="takeScreenShotOnFailure(org.testng.ITestResult)[pri:0, instance:com.zerodha.kite.tests.KiteLoginPagesValidationWithDD@609cd4d8]" name="takeScreenShotOnFailure" is-config="true" duration-ms="0" started-at="2022-06-29T20:18:11 IST" finished-at="2022-06-29T20:18:11 IST">
          <params>
            <param index="0">
              <value>
                <![CDATA[[TestResult name=verifyInvalidCredentialError status=SUCCESS method=KiteLoginPagesValidationWithDD.verifyInvalidCredentialError()[pri:4, instance:com.zerodha.kite.tests.KiteLoginPagesValidationWithDD@609cd4d8] output={null}]]]>
              </value>
            </param>
          </params>
          <reporter-output>
          </reporter-output>
        </test-method> <!-- takeScreenShotOnFailure -->
        <test-method status="PASS" signature="closeApplication()[pri:0, instance:com.zerodha.kite.tests.KiteLoginPagesValidationWithDD@609cd4d8]" name="closeApplication" is-config="true" duration-ms="1151" started-at="2022-06-29T20:18:11 IST" finished-at="2022-06-29T20:18:12 IST">
          <reporter-output>
          </reporter-output>
        </test-method> <!-- closeApplication -->
      </class> <!-- com.zerodha.kite.tests.KiteLoginPagesValidationWithDD -->
    </test> <!-- Kite Login page validation -->
    <test name="Kite Login Test" duration-ms="12217" started-at="2022-06-29T20:18:12 IST" finished-at="2022-06-29T20:18:24 IST">
      <class name="com.zerodha.kite.tests.KiteLoginTest">
        <test-method status="PASS" signature="setupApplication(java.lang.String)[pri:0, instance:com.zerodha.kite.tests.KiteLoginTest@ed7f8b4]" name="setupApplication" is-config="true" duration-ms="2819" started-at="2022-06-29T20:18:12 IST" finished-at="2022-06-29T20:18:15 IST">
          <params>
            <param index="0">
              <value>
                <![CDATA[chrome]]>
              </value>
            </param>
          </params>
          <reporter-output>
          </reporter-output>
        </test-method> <!-- setupApplication -->
        <test-method status="PASS" signature="verifyKiteLoginPage1()[pri:1, instance:com.zerodha.kite.tests.KiteLoginTest@ed7f8b4]" name="verifyKiteLoginPage1" duration-ms="2875" started-at="2022-06-29T20:18:15 IST" description="Test Kite Login Page-1" finished-at="2022-06-29T20:18:17 IST">
          <reporter-output>
            <line>
              <![CDATA[=====Application Started=====]]>
            </line>
          </reporter-output>
        </test-method> <!-- verifyKiteLoginPage1 -->
        <test-method status="PASS" signature="takeScreenShotOnFailure(org.testng.ITestResult)[pri:0, instance:com.zerodha.kite.tests.KiteLoginTest@ed7f8b4]" name="takeScreenShotOnFailure" is-config="true" duration-ms="1" started-at="2022-06-29T20:18:17 IST" finished-at="2022-06-29T20:18:17 IST">
          <params>
            <param index="0">
              <value>
                <![CDATA[[TestResult name=verifyKiteLoginPage1 status=SUCCESS method=KiteLoginTest.verifyKiteLoginPage1()[pri:1, instance:com.zerodha.kite.tests.KiteLoginTest@ed7f8b4] output======Application Started=====]]]>
              </value>
            </param>
          </params>
          <reporter-output>
          </reporter-output>
        </test-method> <!-- takeScreenShotOnFailure -->
        <test-method status="PASS" signature="verifyKiteLoginPage2()[pri:2, instance:com.zerodha.kite.tests.KiteLoginTest@ed7f8b4]" name="verifyKiteLoginPage2" duration-ms="653" started-at="2022-06-29T20:18:17 IST" description="Test Kite Login Page-2" depends-on-methods="com.zerodha.kite.tests.KiteLoginTest.verifyKiteLoginPage1" finished-at="2022-06-29T20:18:18 IST">
          <reporter-output>
          </reporter-output>
        </test-method> <!-- verifyKiteLoginPage2 -->
        <test-method status="PASS" signature="takeScreenShotOnFailure(org.testng.ITestResult)[pri:0, instance:com.zerodha.kite.tests.KiteLoginTest@ed7f8b4]" name="takeScreenShotOnFailure" is-config="true" duration-ms="1" started-at="2022-06-29T20:18:18 IST" finished-at="2022-06-29T20:18:18 IST">
          <params>
            <param index="0">
              <value>
                <![CDATA[[TestResult name=verifyKiteLoginPage2 status=SUCCESS method=KiteLoginTest.verifyKiteLoginPage2()[pri:2, instance:com.zerodha.kite.tests.KiteLoginTest@ed7f8b4] output={null}]]]>
              </value>
            </param>
          </params>
          <reporter-output>
          </reporter-output>
        </test-method> <!-- takeScreenShotOnFailure -->
        <test-method status="PASS" signature="homePageValidation()[pri:3, instance:com.zerodha.kite.tests.KiteLoginTest@ed7f8b4]" name="homePageValidation" duration-ms="3266" started-at="2022-06-29T20:18:18 IST" description="Test kite Home Page" depends-on-methods="com.zerodha.kite.tests.KiteLoginTest.verifyKiteLoginPage2" finished-at="2022-06-29T20:18:21 IST">
          <reporter-output>
          </reporter-output>
        </test-method> <!-- homePageValidation -->
        <test-method status="PASS" signature="takeScreenShotOnFailure(org.testng.ITestResult)[pri:0, instance:com.zerodha.kite.tests.KiteLoginTest@ed7f8b4]" name="takeScreenShotOnFailure" is-config="true" duration-ms="9" started-at="2022-06-29T20:18:21 IST" finished-at="2022-06-29T20:18:21 IST">
          <params>
            <param index="0">
              <value>
                <![CDATA[[TestResult name=homePageValidation status=SUCCESS method=KiteLoginTest.homePageValidation()[pri:3, instance:com.zerodha.kite.tests.KiteLoginTest@ed7f8b4] output={null}]]]>
              </value>
            </param>
          </params>
          <reporter-output>
          </reporter-output>
        </test-method> <!-- takeScreenShotOnFailure -->
        <test-method status="PASS" signature="verifyLogoutFunctionality()[pri:4, instance:com.zerodha.kite.tests.KiteLoginTest@ed7f8b4]" name="verifyLogoutFunctionality" duration-ms="1110" started-at="2022-06-29T20:18:21 IST" description="Test Logout functionality" depends-on-methods="com.zerodha.kite.tests.KiteLoginTest.verifyKiteLoginPage2" finished-at="2022-06-29T20:18:23 IST">
          <reporter-output>
          </reporter-output>
        </test-method> <!-- verifyLogoutFunctionality -->
        <test-method status="PASS" signature="takeScreenShotOnFailure(org.testng.ITestResult)[pri:0, instance:com.zerodha.kite.tests.KiteLoginTest@ed7f8b4]" name="takeScreenShotOnFailure" is-config="true" duration-ms="0" started-at="2022-06-29T20:18:23 IST" finished-at="2022-06-29T20:18:23 IST">
          <params>
            <param index="0">
              <value>
                <![CDATA[[TestResult name=verifyLogoutFunctionality status=SUCCESS method=KiteLoginTest.verifyLogoutFunctionality()[pri:4, instance:com.zerodha.kite.tests.KiteLoginTest@ed7f8b4] output={null}]]]>
              </value>
            </param>
          </params>
          <reporter-output>
          </reporter-output>
        </test-method> <!-- takeScreenShotOnFailure -->
        <test-method status="PASS" signature="verifyAfterLogoutPage()[pri:5, instance:com.zerodha.kite.tests.KiteLoginTest@ed7f8b4]" name="verifyAfterLogoutPage" duration-ms="322" started-at="2022-06-29T20:18:23 IST" description="Test after logout Page" depends-on-methods="com.zerodha.kite.tests.KiteLoginTest.verifyKiteLoginPage2" finished-at="2022-06-29T20:18:23 IST">
          <reporter-output>
          </reporter-output>
        </test-method> <!-- verifyAfterLogoutPage -->
        <test-method status="PASS" signature="takeScreenShotOnFailure(org.testng.ITestResult)[pri:0, instance:com.zerodha.kite.tests.KiteLoginTest@ed7f8b4]" name="takeScreenShotOnFailure" is-config="true" duration-ms="0" started-at="2022-06-29T20:18:23 IST" finished-at="2022-06-29T20:18:23 IST">
          <params>
            <param index="0">
              <value>
                <![CDATA[[TestResult name=verifyAfterLogoutPage status=SUCCESS method=KiteLoginTest.verifyAfterLogoutPage()[pri:5, instance:com.zerodha.kite.tests.KiteLoginTest@ed7f8b4] output={null}]]]>
              </value>
            </param>
          </params>
          <reporter-output>
          </reporter-output>
        </test-method> <!-- takeScreenShotOnFailure -->
        <test-method status="PASS" signature="verifyLoginPageAfterLogout()[pri:6, instance:com.zerodha.kite.tests.KiteLoginTest@ed7f8b4]" name="verifyLoginPageAfterLogout" duration-ms="80" started-at="2022-06-29T20:18:23 IST" description="Test after logout Page" depends-on-methods="com.zerodha.kite.tests.KiteLoginTest.verifyAfterLogoutPage" finished-at="2022-06-29T20:18:23 IST">
          <reporter-output>
          </reporter-output>
        </test-method> <!-- verifyLoginPageAfterLogout -->
        <test-method status="PASS" signature="takeScreenShotOnFailure(org.testng.ITestResult)[pri:0, instance:com.zerodha.kite.tests.KiteLoginTest@ed7f8b4]" name="takeScreenShotOnFailure" is-config="true" duration-ms="1" started-at="2022-06-29T20:18:23 IST" finished-at="2022-06-29T20:18:23 IST">
          <params>
            <param index="0">
              <value>
                <![CDATA[[TestResult name=verifyLoginPageAfterLogout status=SUCCESS method=KiteLoginTest.verifyLoginPageAfterLogout()[pri:6, instance:com.zerodha.kite.tests.KiteLoginTest@ed7f8b4] output={null}]]]>
              </value>
            </param>
          </params>
          <reporter-output>
          </reporter-output>
        </test-method> <!-- takeScreenShotOnFailure -->
        <test-method status="PASS" signature="closeApplication()[pri:0, instance:com.zerodha.kite.tests.KiteLoginTest@ed7f8b4]" name="closeApplication" is-config="true" duration-ms="1043" started-at="2022-06-29T20:18:23 IST" finished-at="2022-06-29T20:18:24 IST">
          <reporter-output>
          </reporter-output>
        </test-method> <!-- closeApplication -->
      </class> <!-- com.zerodha.kite.tests.KiteLoginTest -->
    </test> <!-- Kite Login Test -->
  </suite> <!-- Suite -->
</testng-results>
