<?xml version="1.0" encoding="UTF-8"?>
<testng-results ignored="0" total="10" passed="10" failed="0" skipped="0">
  <reporter-output>
    <line>
      <![CDATA[=====Application Started=====]]>
    </line>
    <line>
      <![CDATA[=====Application Started=====]]>
    </line>
  </reporter-output>
  <suite started-at="2022-06-29T08:52:47 IST" name="Suite" finished-at="2022-06-29T08:53:15 IST" duration-ms="28570">
    <groups>
    </groups>
    <test started-at="2022-06-29T08:52:47 IST" name="Kite Login page validation" finished-at="2022-06-29T08:53:07 IST" duration-ms="20461">
      <class name="com.zerodha.kite.tests.KiteLoginPagesValidationWithDD">
        <test-method is-config="true" signature="setupApplication(java.lang.String)[pri:0, instance:com.zerodha.kite.tests.KiteLoginPagesValidationWithDD@5b444398]" started-at="2022-06-29T08:52:47 IST" name="setupApplication" finished-at="2022-06-29T08:52:57 IST" duration-ms="10110" status="PASS">
          <params>
            <param index="0">
              <value>
                <![CDATA[chrome]]>
              </value>
            </param>
          </params>
          <reporter-output>
          </reporter-output>
        </test-method> <!-- setupApplication -->
        <test-method signature="verifyKiteLoginPageTitle()[pri:1, instance:com.zerodha.kite.tests.KiteLoginPagesValidationWithDD@5b444398]" started-at="2022-06-29T08:52:57 IST" name="verifyKiteLoginPageTitle" description="Test Page title and Page Text" finished-at="2022-06-29T08:53:06 IST" duration-ms="8831" status="PASS">
          <reporter-output>
            <line>
              <![CDATA[=====Application Started=====]]>
            </line>
          </reporter-output>
        </test-method> <!-- verifyKiteLoginPageTitle -->
        <test-method is-config="true" signature="takeScreenShotOnFailure(org.testng.ITestResult)[pri:0, instance:com.zerodha.kite.tests.KiteLoginPagesValidationWithDD@5b444398]" started-at="2022-06-29T08:53:06 IST" name="takeScreenShotOnFailure" finished-at="2022-06-29T08:53:06 IST" duration-ms="4" status="PASS">
          <params>
            <param index="0">
              <value>
                <![CDATA[[TestResult name=verifyKiteLoginPageTitle status=SUCCESS method=KiteLoginPagesValidationWithDD.verifyKiteLoginPageTitle()[pri:1, instance:com.zerodha.kite.tests.KiteLoginPagesValidationWithDD@5b444398] output======Application Started=====]]]>
              </value>
            </param>
          </params>
          <reporter-output>
          </reporter-output>
        </test-method> <!-- takeScreenShotOnFailure -->
        <test-method signature="verifyElementStatus()[pri:2, instance:com.zerodha.kite.tests.KiteLoginPagesValidationWithDD@5b444398]" started-at="2022-06-29T08:53:06 IST" name="verifyElementStatus" description="Test element status" finished-at="2022-06-29T08:53:06 IST" duration-ms="171" status="PASS">
          <reporter-output>
          </reporter-output>
        </test-method> <!-- verifyElementStatus -->
        <test-method is-config="true" signature="takeScreenShotOnFailure(org.testng.ITestResult)[pri:0, instance:com.zerodha.kite.tests.KiteLoginPagesValidationWithDD@5b444398]" started-at="2022-06-29T08:53:06 IST" name="takeScreenShotOnFailure" finished-at="2022-06-29T08:53:06 IST" duration-ms="1" status="PASS">
          <params>
            <param index="0">
              <value>
                <![CDATA[[TestResult name=verifyElementStatus status=SUCCESS method=KiteLoginPagesValidationWithDD.verifyElementStatus()[pri:2, instance:com.zerodha.kite.tests.KiteLoginPagesValidationWithDD@5b444398] output={null}]]]>
              </value>
            </param>
          </params>
          <reporter-output>
          </reporter-output>
        </test-method> <!-- takeScreenShotOnFailure -->
        <test-method signature="verifyFieldValidation()[pri:3, instance:com.zerodha.kite.tests.KiteLoginPagesValidationWithDD@5b444398]" started-at="2022-06-29T08:53:06 IST" name="verifyFieldValidation" description="Test Field Error Messages" finished-at="2022-06-29T08:53:06 IST" duration-ms="151" status="PASS">
          <reporter-output>
          </reporter-output>
        </test-method> <!-- verifyFieldValidation -->
        <test-method is-config="true" signature="takeScreenShotOnFailure(org.testng.ITestResult)[pri:0, instance:com.zerodha.kite.tests.KiteLoginPagesValidationWithDD@5b444398]" started-at="2022-06-29T08:53:06 IST" name="takeScreenShotOnFailure" finished-at="2022-06-29T08:53:06 IST" duration-ms="0" status="PASS">
          <params>
            <param index="0">
              <value>
                <![CDATA[[TestResult name=verifyFieldValidation status=SUCCESS method=KiteLoginPagesValidationWithDD.verifyFieldValidation()[pri:3, instance:com.zerodha.kite.tests.KiteLoginPagesValidationWithDD@5b444398] output={null}]]]>
              </value>
            </param>
          </params>
          <reporter-output>
          </reporter-output>
        </test-method> <!-- takeScreenShotOnFailure -->
        <test-method signature="verifyInvalidCredentialError()[pri:4, instance:com.zerodha.kite.tests.KiteLoginPagesValidationWithDD@5b444398]" started-at="2022-06-29T08:53:06 IST" name="verifyInvalidCredentialError" description="Invalid Credential Error Message" finished-at="2022-06-29T08:53:07 IST" duration-ms="820" status="PASS">
          <reporter-output>
          </reporter-output>
        </test-method> <!-- verifyInvalidCredentialError -->
        <test-method is-config="true" signature="takeScreenShotOnFailure(org.testng.ITestResult)[pri:0, instance:com.zerodha.kite.tests.KiteLoginPagesValidationWithDD@5b444398]" started-at="2022-06-29T08:53:07 IST" name="takeScreenShotOnFailure" finished-at="2022-06-29T08:53:07 IST" duration-ms="1" status="PASS">
          <params>
            <param index="0">
              <value>
                <![CDATA[[TestResult name=verifyInvalidCredentialError status=SUCCESS method=KiteLoginPagesValidationWithDD.verifyInvalidCredentialError()[pri:4, instance:com.zerodha.kite.tests.KiteLoginPagesValidationWithDD@5b444398] output={null}]]]>
              </value>
            </param>
          </params>
          <reporter-output>
          </reporter-output>
        </test-method> <!-- takeScreenShotOnFailure -->
        <test-method is-config="true" signature="closeApplication()[pri:0, instance:com.zerodha.kite.tests.KiteLoginPagesValidationWithDD@5b444398]" started-at="2022-06-29T08:53:07 IST" name="closeApplication" finished-at="2022-06-29T08:53:07 IST" duration-ms="259" status="PASS">
          <reporter-output>
          </reporter-output>
        </test-method> <!-- closeApplication -->
      </class> <!-- com.zerodha.kite.tests.KiteLoginPagesValidationWithDD -->
    </test> <!-- Kite Login page validation -->
    <test started-at="2022-06-29T08:53:07 IST" name="Kite Login Test" finished-at="2022-06-29T08:53:15 IST" duration-ms="8081">
      <class name="com.zerodha.kite.tests.KiteLoginTest">
        <test-method is-config="true" signature="setupApplication(java.lang.String)[pri:0, instance:com.zerodha.kite.tests.KiteLoginTest@7a791b66]" started-at="2022-06-29T08:53:07 IST" name="setupApplication" finished-at="2022-06-29T08:53:09 IST" duration-ms="1572" status="PASS">
          <params>
            <param index="0">
              <value>
                <![CDATA[chrome]]>
              </value>
            </param>
          </params>
          <reporter-output>
          </reporter-output>
        </test-method> <!-- setupApplication -->
        <test-method signature="verifyKiteLoginPage1()[pri:1, instance:com.zerodha.kite.tests.KiteLoginTest@7a791b66]" started-at="2022-06-29T08:53:09 IST" name="verifyKiteLoginPage1" description="Test Kite Login Page-1" finished-at="2022-06-29T08:53:11 IST" duration-ms="2591" status="PASS">
          <reporter-output>
            <line>
              <![CDATA[=====Application Started=====]]>
            </line>
          </reporter-output>
        </test-method> <!-- verifyKiteLoginPage1 -->
        <test-method is-config="true" signature="takeScreenShotOnFailure(org.testng.ITestResult)[pri:0, instance:com.zerodha.kite.tests.KiteLoginTest@7a791b66]" started-at="2022-06-29T08:53:11 IST" name="takeScreenShotOnFailure" finished-at="2022-06-29T08:53:11 IST" duration-ms="1" status="PASS">
          <params>
            <param index="0">
              <value>
                <![CDATA[[TestResult name=verifyKiteLoginPage1 status=SUCCESS method=KiteLoginTest.verifyKiteLoginPage1()[pri:1, instance:com.zerodha.kite.tests.KiteLoginTest@7a791b66] output======Application Started=====]]]>
              </value>
            </param>
          </params>
          <reporter-output>
          </reporter-output>
        </test-method> <!-- takeScreenShotOnFailure -->
        <test-method signature="verifyKiteLoginPage2()[pri:2, instance:com.zerodha.kite.tests.KiteLoginTest@7a791b66]" started-at="2022-06-29T08:53:11 IST" name="verifyKiteLoginPage2" description="Test Kite Login Page-2" finished-at="2022-06-29T08:53:12 IST" depends-on-methods="com.zerodha.kite.tests.KiteLoginTest.verifyKiteLoginPage1" duration-ms="572" status="PASS">
          <reporter-output>
          </reporter-output>
        </test-method> <!-- verifyKiteLoginPage2 -->
        <test-method is-config="true" signature="takeScreenShotOnFailure(org.testng.ITestResult)[pri:0, instance:com.zerodha.kite.tests.KiteLoginTest@7a791b66]" started-at="2022-06-29T08:53:12 IST" name="takeScreenShotOnFailure" finished-at="2022-06-29T08:53:12 IST" duration-ms="0" status="PASS">
          <params>
            <param index="0">
              <value>
                <![CDATA[[TestResult name=verifyKiteLoginPage2 status=SUCCESS method=KiteLoginTest.verifyKiteLoginPage2()[pri:2, instance:com.zerodha.kite.tests.KiteLoginTest@7a791b66] output={null}]]]>
              </value>
            </param>
          </params>
          <reporter-output>
          </reporter-output>
        </test-method> <!-- takeScreenShotOnFailure -->
        <test-method signature="homePageValidation()[pri:3, instance:com.zerodha.kite.tests.KiteLoginTest@7a791b66]" started-at="2022-06-29T08:53:12 IST" name="homePageValidation" description="Test kite Home Page" finished-at="2022-06-29T08:53:14 IST" depends-on-methods="com.zerodha.kite.tests.KiteLoginTest.verifyKiteLoginPage2" duration-ms="2045" status="PASS">
          <reporter-output>
          </reporter-output>
        </test-method> <!-- homePageValidation -->
        <test-method is-config="true" signature="takeScreenShotOnFailure(org.testng.ITestResult)[pri:0, instance:com.zerodha.kite.tests.KiteLoginTest@7a791b66]" started-at="2022-06-29T08:53:14 IST" name="takeScreenShotOnFailure" finished-at="2022-06-29T08:53:14 IST" duration-ms="2" status="PASS">
          <params>
            <param index="0">
              <value>
                <![CDATA[[TestResult name=homePageValidation status=SUCCESS method=KiteLoginTest.homePageValidation()[pri:3, instance:com.zerodha.kite.tests.KiteLoginTest@7a791b66] output={null}]]]>
              </value>
            </param>
          </params>
          <reporter-output>
          </reporter-output>
        </test-method> <!-- takeScreenShotOnFailure -->
        <test-method signature="verifyLogoutFunctionality()[pri:4, instance:com.zerodha.kite.tests.KiteLoginTest@7a791b66]" started-at="2022-06-29T08:53:14 IST" name="verifyLogoutFunctionality" description="Test Logout functionality" finished-at="2022-06-29T08:53:15 IST" depends-on-methods="com.zerodha.kite.tests.KiteLoginTest.verifyKiteLoginPage2" duration-ms="774" status="PASS">
          <reporter-output>
          </reporter-output>
        </test-method> <!-- verifyLogoutFunctionality -->
        <test-method is-config="true" signature="takeScreenShotOnFailure(org.testng.ITestResult)[pri:0, instance:com.zerodha.kite.tests.KiteLoginTest@7a791b66]" started-at="2022-06-29T08:53:15 IST" name="takeScreenShotOnFailure" finished-at="2022-06-29T08:53:15 IST" duration-ms="1" status="PASS">
          <params>
            <param index="0">
              <value>
                <![CDATA[[TestResult name=verifyLogoutFunctionality status=SUCCESS method=KiteLoginTest.verifyLogoutFunctionality()[pri:4, instance:com.zerodha.kite.tests.KiteLoginTest@7a791b66] output={null}]]]>
              </value>
            </param>
          </params>
          <reporter-output>
          </reporter-output>
        </test-method> <!-- takeScreenShotOnFailure -->
        <test-method signature="verifyAfterLogoutPage()[pri:5, instance:com.zerodha.kite.tests.KiteLoginTest@7a791b66]" started-at="2022-06-29T08:53:15 IST" name="verifyAfterLogoutPage" description="Test after logout Page" finished-at="2022-06-29T08:53:15 IST" depends-on-methods="com.zerodha.kite.tests.KiteLoginTest.verifyKiteLoginPage2" duration-ms="201" status="PASS">
          <reporter-output>
          </reporter-output>
        </test-method> <!-- verifyAfterLogoutPage -->
        <test-method is-config="true" signature="takeScreenShotOnFailure(org.testng.ITestResult)[pri:0, instance:com.zerodha.kite.tests.KiteLoginTest@7a791b66]" started-at="2022-06-29T08:53:15 IST" name="takeScreenShotOnFailure" finished-at="2022-06-29T08:53:15 IST" duration-ms="1" status="PASS">
          <params>
            <param index="0">
              <value>
                <![CDATA[[TestResult name=verifyAfterLogoutPage status=SUCCESS method=KiteLoginTest.verifyAfterLogoutPage()[pri:5, instance:com.zerodha.kite.tests.KiteLoginTest@7a791b66] output={null}]]]>
              </value>
            </param>
          </params>
          <reporter-output>
          </reporter-output>
        </test-method> <!-- takeScreenShotOnFailure -->
        <test-method signature="verifyLoginPageAfterLogout()[pri:6, instance:com.zerodha.kite.tests.KiteLoginTest@7a791b66]" started-at="2022-06-29T08:53:15 IST" name="verifyLoginPageAfterLogout" description="Test after logout Page" finished-at="2022-06-29T08:53:15 IST" depends-on-methods="com.zerodha.kite.tests.KiteLoginTest.verifyAfterLogoutPage" duration-ms="27" status="PASS">
          <reporter-output>
          </reporter-output>
        </test-method> <!-- verifyLoginPageAfterLogout -->
        <test-method is-config="true" signature="takeScreenShotOnFailure(org.testng.ITestResult)[pri:0, instance:com.zerodha.kite.tests.KiteLoginTest@7a791b66]" started-at="2022-06-29T08:53:15 IST" name="takeScreenShotOnFailure" finished-at="2022-06-29T08:53:15 IST" duration-ms="1" status="PASS">
          <params>
            <param index="0">
              <value>
                <![CDATA[[TestResult name=verifyLoginPageAfterLogout status=SUCCESS method=KiteLoginTest.verifyLoginPageAfterLogout()[pri:6, instance:com.zerodha.kite.tests.KiteLoginTest@7a791b66] output={null}]]]>
              </value>
            </param>
          </params>
          <reporter-output>
          </reporter-output>
        </test-method> <!-- takeScreenShotOnFailure -->
        <test-method is-config="true" signature="closeApplication()[pri:0, instance:com.zerodha.kite.tests.KiteLoginTest@7a791b66]" started-at="2022-06-29T08:53:15 IST" name="closeApplication" finished-at="2022-06-29T08:53:15 IST" duration-ms="237" status="PASS">
          <reporter-output>
          </reporter-output>
        </test-method> <!-- closeApplication -->
      </class> <!-- com.zerodha.kite.tests.KiteLoginTest -->
    </test> <!-- Kite Login Test -->
  </suite> <!-- Suite -->
</testng-results>
