<?xml version="1.0" encoding="UTF-8"?>
<testng-results ignored="0" total="4" passed="4" failed="0" skipped="0">
  <reporter-output>
    <line>
      <![CDATA[=====Application Started=====]]>
    </line>
  </reporter-output>
  <suite started-at="2022-06-28T09:40:01 IST" name="Suite" finished-at="2022-06-28T09:40:14 IST" duration-ms="13526">
    <groups>
    </groups>
    <test started-at="2022-06-28T09:40:01 IST" name="Kite Login page validation" finished-at="2022-06-28T09:40:14 IST" duration-ms="13526">
      <class name="com.zerodha.kite.tests.KiteLoginPagesValidation">
        <test-method is-config="true" signature="setupApplication(java.lang.String)[pri:0, instance:com.zerodha.kite.tests.KiteLoginPagesValidation@2a3c96e3]" started-at="2022-06-28T09:40:01 IST" name="setupApplication" finished-at="2022-06-28T09:40:09 IST" duration-ms="8381" status="PASS">
          <params>
            <param index="0">
              <value>
                <![CDATA[chrome]]>
              </value>
            </param>
          </params>
          <reporter-output>
          </reporter-output>
        </test-method> <!-- setupApplication -->
        <test-method signature="verifyKiteLoginPageTitle()[pri:1, instance:com.zerodha.kite.tests.KiteLoginPagesValidation@2a3c96e3]" started-at="2022-06-28T09:40:09 IST" name="verifyKiteLoginPageTitle" description="Test Page title and Page Text" finished-at="2022-06-28T09:40:12 IST" duration-ms="3171" status="PASS">
          <reporter-output>
            <line>
              <![CDATA[=====Application Started=====]]>
            </line>
          </reporter-output>
        </test-method> <!-- verifyKiteLoginPageTitle -->
        <test-method is-config="true" signature="takeScreenShotOnFailure(org.testng.ITestResult)[pri:0, instance:com.zerodha.kite.tests.KiteLoginPagesValidation@2a3c96e3]" started-at="2022-06-28T09:40:12 IST" name="takeScreenShotOnFailure" finished-at="2022-06-28T09:40:12 IST" duration-ms="5" status="PASS">
          <params>
            <param index="0">
              <value>
                <![CDATA[[TestResult name=verifyKiteLoginPageTitle status=SUCCESS method=KiteLoginPagesValidation.verifyKiteLoginPageTitle()[pri:1, instance:com.zerodha.kite.tests.KiteLoginPagesValidation@2a3c96e3] output======Application Started=====]]]>
              </value>
            </param>
          </params>
          <reporter-output>
          </reporter-output>
        </test-method> <!-- takeScreenShotOnFailure -->
        <test-method signature="verifyElementStatus()[pri:2, instance:com.zerodha.kite.tests.KiteLoginPagesValidation@2a3c96e3]" started-at="2022-06-28T09:40:12 IST" name="verifyElementStatus" description="Test element status" finished-at="2022-06-28T09:40:13 IST" duration-ms="228" status="PASS">
          <reporter-output>
          </reporter-output>
        </test-method> <!-- verifyElementStatus -->
        <test-method is-config="true" signature="takeScreenShotOnFailure(org.testng.ITestResult)[pri:0, instance:com.zerodha.kite.tests.KiteLoginPagesValidation@2a3c96e3]" started-at="2022-06-28T09:40:13 IST" name="takeScreenShotOnFailure" finished-at="2022-06-28T09:40:13 IST" duration-ms="2" status="PASS">
          <params>
            <param index="0">
              <value>
                <![CDATA[[TestResult name=verifyElementStatus status=SUCCESS method=KiteLoginPagesValidation.verifyElementStatus()[pri:2, instance:com.zerodha.kite.tests.KiteLoginPagesValidation@2a3c96e3] output={null}]]]>
              </value>
            </param>
          </params>
          <reporter-output>
          </reporter-output>
        </test-method> <!-- takeScreenShotOnFailure -->
        <test-method signature="verifyFieldValidation()[pri:3, instance:com.zerodha.kite.tests.KiteLoginPagesValidation@2a3c96e3]" started-at="2022-06-28T09:40:13 IST" name="verifyFieldValidation" description="Test Field Error Messages" finished-at="2022-06-28T09:40:13 IST" duration-ms="198" status="PASS">
          <reporter-output>
          </reporter-output>
        </test-method> <!-- verifyFieldValidation -->
        <test-method is-config="true" signature="takeScreenShotOnFailure(org.testng.ITestResult)[pri:0, instance:com.zerodha.kite.tests.KiteLoginPagesValidation@2a3c96e3]" started-at="2022-06-28T09:40:13 IST" name="takeScreenShotOnFailure" finished-at="2022-06-28T09:40:13 IST" duration-ms="1" status="PASS">
          <params>
            <param index="0">
              <value>
                <![CDATA[[TestResult name=verifyFieldValidation status=SUCCESS method=KiteLoginPagesValidation.verifyFieldValidation()[pri:3, instance:com.zerodha.kite.tests.KiteLoginPagesValidation@2a3c96e3] output={null}]]]>
              </value>
            </param>
          </params>
          <reporter-output>
          </reporter-output>
        </test-method> <!-- takeScreenShotOnFailure -->
        <test-method signature="verifyInvalidCredentialError()[pri:4, instance:com.zerodha.kite.tests.KiteLoginPagesValidation@2a3c96e3]" started-at="2022-06-28T09:40:13 IST" name="verifyInvalidCredentialError" description="Invalid Credential Error Message" finished-at="2022-06-28T09:40:14 IST" duration-ms="831" status="PASS">
          <reporter-output>
          </reporter-output>
        </test-method> <!-- verifyInvalidCredentialError -->
        <test-method is-config="true" signature="takeScreenShotOnFailure(org.testng.ITestResult)[pri:0, instance:com.zerodha.kite.tests.KiteLoginPagesValidation@2a3c96e3]" started-at="2022-06-28T09:40:14 IST" name="takeScreenShotOnFailure" finished-at="2022-06-28T09:40:14 IST" duration-ms="1" status="PASS">
          <params>
            <param index="0">
              <value>
                <![CDATA[[TestResult name=verifyInvalidCredentialError status=SUCCESS method=KiteLoginPagesValidation.verifyInvalidCredentialError()[pri:4, instance:com.zerodha.kite.tests.KiteLoginPagesValidation@2a3c96e3] output={null}]]]>
              </value>
            </param>
          </params>
          <reporter-output>
          </reporter-output>
        </test-method> <!-- takeScreenShotOnFailure -->
        <test-method is-config="true" signature="closeApplication()[pri:0, instance:com.zerodha.kite.tests.KiteLoginPagesValidation@2a3c96e3]" started-at="2022-06-28T09:40:14 IST" name="closeApplication" finished-at="2022-06-28T09:40:14 IST" duration-ms="590" status="PASS">
          <reporter-output>
          </reporter-output>
        </test-method> <!-- closeApplication -->
      </class> <!-- com.zerodha.kite.tests.KiteLoginPagesValidation -->
    </test> <!-- Kite Login page validation -->
  </suite> <!-- Suite -->
</testng-results>
